#
# A fatal error has been detected by the Java Runtime Environment:
#
#  EXCEPTION_ACCESS_VIOLATION (0xc0000005) at pc=0x0000000066adb7a3, pid=3992, tid=1888
#
# JRE version: Java(TM) SE Runtime Environment (8.0_25-b18) (build 1.8.0_25-b18)
# Java VM: Java HotSpot(TM) 64-Bit Server VM (25.25-b02 mixed mode windows-amd64 compressed oops)
# Problematic frame:
# V  [jvm.dll+0x44b7a3]
#
# Failed to write core dump. Minidumps are not enabled by default on client versions of Windows
#
# If you would like to submit a bug report, please visit:
#   http://bugreport.sun.com/bugreport/crash.jsp
#

---------------  T H R E A D  ---------------

Current thread (0x0000000056689000):  JavaThread "C2 CompilerThread1" daemon [_thread_in_native, id=1888, stack(0x0000000056e50000,0x0000000056f50000)]

siginfo: ExceptionCode=0xc0000005, reading address 0xffffffffffffffff

Registers:
RAX=0x0000000058804f28, RBX=0x0000000056f4e1a0, RCX=0x0000000000010000, RDX=0x000000007fff0050
RSP=0x0000000056f4df90, RBP=0x0000000000000070, RSI=0x00000000000000fe, RDI=0x00400088000000ba
R8 =0x0000000002c4027f, R9 =0x0000000000010000, R10=0x5e7fccfcff0b9feb, R11=0x000000008fff0050
R12=0x0000000000001ff3, R13=0x0000000058804ef0, R14=0x00000000000000e3, R15=0x0000000000000718
RIP=0x0000000066adb7a3, EFLAGS=0x0000000000010246

Top of Stack: (sp=0x0000000056f4df90)
0x0000000056f4df90:   0000000056f4e1a0 00000000000000fb
0x0000000056f4dfa0:   0000000056f4ec40 0000000066b756d6
0x0000000056f4dfb0:   0000000066c48428 0000000056f4ec40
0x0000000056f4dfc0:   0000000058f6c640 0000000056f4e1f0
0x0000000056f4dfd0:   0000000056682f00 0000000066b7637b
0x0000000056f4dfe0:   0000000056f4e0e0 0000000056f4e190
0x0000000056f4dff0:   00000000000083b0 00000000590d33a8
0x0000000056f4e000:   0000000058f74628 0000000066ae37b3
0x0000000056f4e010:   0000000056682f00 0000000056f4e110
0x0000000056f4e020:   0000000058f70d90 0000000058f6c640
0x0000000056f4e030:   0000000000000000 0000000056f4f420
0x0000000056f4e040:   0000000000000006 0000000058d2ece0
0x0000000056f4e050:   0000000056f4f5b0 0000000056f4f5c8
0x0000000056f4e060:   000000005535f9f0 0000000000000004
0x0000000056f4e070:   0000000000000000 0000000000000000
0x0000000056f4e080:   0000000000000002 0000000000000000 

Instructions: (pc=0x0000000066adb7a3)
0x0000000066adb783:   00 33 ed 44 8b e0 0f 1f 80 00 00 00 00 49 8b 45
0x0000000066adb793:   08 48 8b 3c 28 48 85 ff 74 6c 40 f6 c7 01 75 66
0x0000000066adb7a3:   48 83 3f fe 74 60 8b 4f 28 8b c1 c1 e8 05 3b 43
0x0000000066adb7b3:   30 72 0f 48 8b 43 20 8b d1 48 8d 4b 20 ff 50 18 


Register to memory mapping:

RAX=0x0000000058804f28 is an unknown value
RBX=0x0000000056f4e1a0 is pointing into the stack for thread: 0x0000000056689000
RCX=0x0000000000010000 is an unknown value
RDX=0x000000007fff0050 is an unknown value
RSP=0x0000000056f4df90 is pointing into the stack for thread: 0x0000000056689000
RBP=0x0000000000000070 is an unknown value
RSI=0x00000000000000fe is an unknown value
RDI=0x00400088000000ba is an unknown value
R8 =0x0000000002c4027f is at code_begin+95 in an AdapterHandler
Adapter for signature: 0x0000000002c4027f is at code_begin+95 in 
[CodeBlob (0x0000000002c401d0)]
Framesize: 0
BufferBlob (0x0000000002c401d0) used for I2C/C2I adapters
R9 =0x0000000000010000 is an unknown value
R10=0x5e7fccfcff0b9feb is an unknown value
R11=0x000000008fff0050 is an unknown value
R12=0x0000000000001ff3 is an unknown value
R13=0x0000000058804ef0 is an unknown value
R14=0x00000000000000e3 is an unknown value
R15=0x0000000000000718 is an unknown value


Stack: [0x0000000056e50000,0x0000000056f50000],  sp=0x0000000056f4df90,  free space=1015k
Native frames: (J=compiled Java code, j=interpreted, Vv=VM code, C=native code)
V  [jvm.dll+0x44b7a3]
V  [jvm.dll+0x4e637b]
V  [jvm.dll+0x4537b3]
V  [jvm.dll+0x437372]
V  [jvm.dll+0x98a02]
V  [jvm.dll+0x991f3]
V  [jvm.dll+0x22bde4]
V  [jvm.dll+0x2852fa]
C  [msvcr100.dll+0x21d9f]
C  [msvcr100.dll+0x21e3b]
C  [kernel32.dll+0x1f56d]
C  [ntdll.dll+0x33281]


Current CompileTask:
C2:   2086 1420       4       org.gradle.internal.service.DefaultServiceRegistry$SingletonService::getService (21 bytes)


---------------  P R O C E S S  ---------------

Java Threads: ( => current thread )
  0x00000000586d3800 JavaThread "Stdin handler" [_thread_blocked, id=3172, stack(0x0000000059d30000,0x0000000059e30000)]
  0x00000000585e6000 JavaThread "Asynchronous log dispatcher for org.gradle.launcher.daemon.server.DefaultDaemonConnection@26db0482" [_thread_blocked, id=5000, stack(0x0000000059b90000,0x0000000059c90000)]
  0x00000000585df000 JavaThread "Daemon worker" [_thread_in_Java, id=4088, stack(0x0000000059810000,0x0000000059910000)]
  0x00000000585c4800 JavaThread "Cancel handler" [_thread_blocked, id=4456, stack(0x0000000059930000,0x0000000059a30000)]
  0x00000000585c7800 JavaThread "Handler for socket connection from /127.0.0.1:51049 to /127.0.0.1:51050" [_thread_in_native, id=4196, stack(0x00000000596c0000,0x00000000597c0000)]
  0x00000000585c3000 JavaThread "Daemon" [_thread_blocked, id=4896, stack(0x00000000594c0000,0x00000000595c0000)]
  0x00000000584e3000 JavaThread "Incoming local TCP Connector on port 51049" [_thread_in_native, id=1528, stack(0x0000000057dd0000,0x0000000057ed0000)]
  0x00000000584d4000 JavaThread "pool-1-thread-1" [_thread_blocked, id=3156, stack(0x0000000058060000,0x0000000058160000)]
  0x000000005536f000 JavaThread "Service Thread" daemon [_thread_blocked, id=2812, stack(0x0000000057280000,0x0000000057380000)]
  0x000000005668a800 JavaThread "C1 CompilerThread2" daemon [_thread_blocked, id=3884, stack(0x0000000057050000,0x0000000057150000)]
=>0x0000000056689000 JavaThread "C2 CompilerThread1" daemon [_thread_in_native, id=1888, stack(0x0000000056e50000,0x0000000056f50000)]
  0x0000000056683800 JavaThread "C2 CompilerThread0" daemon [_thread_in_native, id=396, stack(0x0000000056260000,0x0000000056360000)]
  0x0000000055365800 JavaThread "Attach Listener" daemon [_thread_blocked, id=2028, stack(0x0000000056ce0000,0x0000000056de0000)]
  0x0000000055364000 JavaThread "Signal Dispatcher" daemon [_thread_blocked, id=4248, stack(0x0000000056b50000,0x0000000056c50000)]
  0x0000000055307000 JavaThread "Finalizer" daemon [_thread_blocked, id=4364, stack(0x0000000056580000,0x0000000056680000)]
  0x00000000552fe000 JavaThread "Reference Handler" daemon [_thread_blocked, id=4228, stack(0x0000000056390000,0x0000000056490000)]
  0x000000000216f000 JavaThread "main" [_thread_blocked, id=600, stack(0x0000000002560000,0x0000000002660000)]

Other Threads:
  0x00000000552f6000 VMThread [stack: 0x0000000056130000,0x0000000056230000] [id=4296]
  0x0000000056702800 WatcherThread [stack: 0x00000000574b0000,0x00000000575b0000] [id=5092]

VM state:not at safepoint (normal execution)

VM Mutex/Monitor currently owned by a thread: None

Heap:
 PSYoungGen      total 34304K, used 33448K [0x00000000eab00000, 0x00000000ecf00000, 0x0000000100000000)
  eden space 31744K, 97% used [0x00000000eab00000,0x00000000ec932260,0x00000000eca00000)
  from space 2560K, 98% used [0x00000000ecc80000,0x00000000ecef8040,0x00000000ecf00000)
  to   space 2560K, 0% used [0x00000000eca00000,0x00000000eca00000,0x00000000ecc80000)
 ParOldGen       total 42496K, used 3583K [0x00000000c0000000, 0x00000000c2980000, 0x00000000eab00000)
  object space 42496K, 8% used [0x00000000c0000000,0x00000000c037fe00,0x00000000c2980000)
 Metaspace       used 17784K, capacity 18108K, committed 18176K, reserved 1064960K
  class space    used 2427K, capacity 2510K, committed 2560K, reserved 1048576K

Card table byte_map: [0x0000000011cf0000,0x0000000011f00000] byte_map_base: 0x00000000116f0000

Marking Bits: (ParMarkBitMap*) 0x0000000066e6d490
 Begin Bits: [0x0000000012770000, 0x0000000013770000)
 End Bits:   [0x0000000013770000, 0x0000000014770000)

Polling page: 0x0000000000340000

CodeCache: size=245760Kb used=4712Kb max_used=4712Kb free=241047Kb
 bounds [0x0000000002930000, 0x0000000002dd0000, 0x0000000011930000]
 total_blobs=1816 nmethods=1440 adapters=290
 compilation: enabled

Compilation events (10 events):
Event: 2.070 Thread 0x000000005668a800 1438       3       java.lang.String::trim (77 bytes)
Event: 2.070 Thread 0x000000005668a800 nmethod 1438 0x0000000002dca050 code [0x0000000002dca1e0, 0x0000000002dca688]
Event: 2.071 Thread 0x000000005668a800 1439       3       java.util.StringTokenizer::setMaxDelimCodePoint (156 bytes)
Event: 2.071 Thread 0x000000005668a800 nmethod 1439 0x0000000002dca810 code [0x0000000002dcaa00, 0x0000000002dcb4c8]
Event: 2.071 Thread 0x000000005668a800 1440       3       java.util.Arrays$ArrayList::get (7 bytes)
Event: 2.071 Thread 0x000000005668a800 nmethod 1440 0x0000000002dcb910 code [0x0000000002dcba60, 0x0000000002dcbbd0]
Event: 2.072 Thread 0x000000005668a800 1441       3       sun.util.locale.LocaleUtils::isAlpha (30 bytes)
Event: 2.072 Thread 0x000000005668a800 nmethod 1441 0x0000000002dcbcd0 code [0x0000000002dcbe40, 0x0000000002dcc070]
Event: 2.072 Thread 0x000000005668a800 1442       3       java.lang.AbstractStringBuilder::append (50 bytes)
Event: 2.072 Thread 0x000000005668a800 nmethod 1442 0x0000000002dcc0d0 code [0x0000000002dcc260, 0x0000000002dcc768]

GC Heap History (8 events):
Event: 0.540 GC heap before
{Heap before GC invocations=1 (full 0):
 PSYoungGen      total 18432K, used 15872K [0x00000000eab00000, 0x00000000ebf80000, 0x0000000100000000)
  eden space 15872K, 100% used [0x00000000eab00000,0x00000000eba80000,0x00000000eba80000)
  from space 2560K, 0% used [0x00000000ebd00000,0x00000000ebd00000,0x00000000ebf80000)
  to   space 2560K, 0% used [0x00000000eba80000,0x00000000eba80000,0x00000000ebd00000)
 ParOldGen       total 42496K, used 0K [0x00000000c0000000, 0x00000000c2980000, 0x00000000eab00000)
  object space 42496K, 0% used [0x00000000c0000000,0x00000000c0000000,0x00000000c2980000)
 Metaspace       used 5930K, capacity 6168K, committed 6272K, reserved 1056768K
  class space    used 763K, capacity 824K, committed 896K, reserved 1048576K
Event: 0.544 GC heap after
Heap after GC invocations=1 (full 0):
 PSYoungGen      total 18432K, used 2540K [0x00000000eab00000, 0x00000000ebf80000, 0x0000000100000000)
  eden space 15872K, 0% used [0x00000000eab00000,0x00000000eab00000,0x00000000eba80000)
  from space 2560K, 99% used [0x00000000eba80000,0x00000000ebcfb060,0x00000000ebd00000)
  to   space 2560K, 0% used [0x00000000ebd00000,0x00000000ebd00000,0x00000000ebf80000)
 ParOldGen       total 42496K, used 592K [0x00000000c0000000, 0x00000000c2980000, 0x00000000eab00000)
  object space 42496K, 1% used [0x00000000c0000000,0x00000000c0094248,0x00000000c2980000)
 Metaspace       used 5930K, capacity 6168K, committed 6272K, reserved 1056768K
  class space    used 763K, capacity 824K, committed 896K, reserved 1048576K
}
Event: 0.739 GC heap before
{Heap before GC invocations=2 (full 0):
 PSYoungGen      total 18432K, used 18412K [0x00000000eab00000, 0x00000000ebf80000, 0x0000000100000000)
  eden space 15872K, 100% used [0x00000000eab00000,0x00000000eba80000,0x00000000eba80000)
  from space 2560K, 99% used [0x00000000eba80000,0x00000000ebcfb060,0x00000000ebd00000)
  to   space 2560K, 0% used [0x00000000ebd00000,0x00000000ebd00000,0x00000000ebf80000)
 ParOldGen       total 42496K, used 592K [0x00000000c0000000, 0x00000000c2980000, 0x00000000eab00000)
  object space 42496K, 1% used [0x00000000c0000000,0x00000000c0094248,0x00000000c2980000)
 Metaspace       used 6198K, capacity 6364K, committed 6528K, reserved 1056768K
  class space    used 793K, capacity 864K, committed 896K, reserved 1048576K
Event: 0.743 GC heap after
Heap after GC invocations=2 (full 0):
 PSYoungGen      total 18432K, used 2214K [0x00000000eab00000, 0x00000000ecf00000, 0x0000000100000000)
  eden space 15872K, 0% used [0x00000000eab00000,0x00000000eab00000,0x00000000eba80000)
  from space 2560K, 86% used [0x00000000ebd00000,0x00000000ebf29810,0x00000000ebf80000)
  to   space 2560K, 0% used [0x00000000eba80000,0x00000000eba80000,0x00000000ebd00000)
 ParOldGen       total 42496K, used 600K [0x00000000c0000000, 0x00000000c2980000, 0x00000000eab00000)
  object space 42496K, 1% used [0x00000000c0000000,0x00000000c0096248,0x00000000c2980000)
 Metaspace       used 6198K, capacity 6364K, committed 6528K, reserved 1056768K
  class space    used 793K, capacity 864K, committed 896K, reserved 1048576K
}
Event: 1.096 GC heap before
{Heap before GC invocations=3 (full 0):
 PSYoungGen      total 18432K, used 18086K [0x00000000eab00000, 0x00000000ecf00000, 0x0000000100000000)
  eden space 15872K, 100% used [0x00000000eab00000,0x00000000eba80000,0x00000000eba80000)
  from space 2560K, 86% used [0x00000000ebd00000,0x00000000ebf29810,0x00000000ebf80000)
  to   space 2560K, 0% used [0x00000000eba80000,0x00000000eba80000,0x00000000ebd00000)
 ParOldGen       total 42496K, used 600K [0x00000000c0000000, 0x00000000c2980000, 0x00000000eab00000)
  object space 42496K, 1% used [0x00000000c0000000,0x00000000c0096248,0x00000000c2980000)
 Metaspace       used 9822K, capacity 10072K, committed 10112K, reserved 1058816K
  class space    used 1295K, capacity 1396K, committed 1408K, reserved 1048576K
Event: 1.112 GC heap after
Heap after GC invocations=3 (full 0):
 PSYoungGen      total 18432K, used 2544K [0x00000000eab00000, 0x00000000ecf00000, 0x0000000100000000)
  eden space 15872K, 0% used [0x00000000eab00000,0x00000000eab00000,0x00000000eba80000)
  from space 2560K, 99% used [0x00000000eba80000,0x00000000ebcfc010,0x00000000ebd00000)
  to   space 2560K, 0% used [0x00000000ecc80000,0x00000000ecc80000,0x00000000ecf00000)
 ParOldGen       total 42496K, used 1841K [0x00000000c0000000, 0x00000000c2980000, 0x00000000eab00000)
  object space 42496K, 4% used [0x00000000c0000000,0x00000000c01cc4b0,0x00000000c2980000)
 Metaspace       used 9822K, capacity 10072K, committed 10112K, reserved 1058816K
  class space    used 1295K, capacity 1396K, committed 1408K, reserved 1048576K
}
Event: 1.442 GC heap before
{Heap before GC invocations=4 (full 0):
 PSYoungGen      total 18432K, used 18416K [0x00000000eab00000, 0x00000000ecf00000, 0x0000000100000000)
  eden space 15872K, 100% used [0x00000000eab00000,0x00000000eba80000,0x00000000eba80000)
  from space 2560K, 99% used [0x00000000eba80000,0x00000000ebcfc010,0x00000000ebd00000)
  to   space 2560K, 0% used [0x00000000ecc80000,0x00000000ecc80000,0x00000000ecf00000)
 ParOldGen       total 42496K, used 1841K [0x00000000c0000000, 0x00000000c2980000, 0x00000000eab00000)
  object space 42496K, 4% used [0x00000000c0000000,0x00000000c01cc4b0,0x00000000c2980000)
 Metaspace       used 12009K, capacity 12284K, committed 12544K, reserved 1060864K
  class space    used 1659K, capacity 1742K, committed 1792K, reserved 1048576K
Event: 1.464 GC heap after
Heap after GC invocations=4 (full 0):
 PSYoungGen      total 34304K, used 2528K [0x00000000eab00000, 0x00000000ecf00000, 0x0000000100000000)
  eden space 31744K, 0% used [0x00000000eab00000,0x00000000eab00000,0x00000000eca00000)
  from space 2560K, 98% used [0x00000000ecc80000,0x00000000ecef8040,0x00000000ecf00000)
  to   space 2560K, 0% used [0x00000000eca00000,0x00000000eca00000,0x00000000ecc80000)
 ParOldGen       total 42496K, used 3583K [0x00000000c0000000, 0x00000000c2980000, 0x00000000eab00000)
  object space 42496K, 8% used [0x00000000c0000000,0x00000000c037fe00,0x00000000c2980000)
 Metaspace       used 12009K, capacity 12284K, committed 12544K, reserved 1060864K
  class space    used 1659K, capacity 1742K, committed 1792K, reserved 1048576K
}

Deoptimization events (10 events):
Event: 1.295 Thread 0x00000000585df000 Uncommon trap: reason=bimorphic action=maybe_recompile pc=0x0000000002c31098 method=java.util.HashMap.putVal(ILjava/lang/Object;Ljava/lang/Object;ZZ)Ljava/lang/Object; @ 253
Event: 1.295 Thread 0x00000000585df000 Uncommon trap: reason=bimorphic action=maybe_recompile pc=0x0000000002bc02ac method=java.util.HashMap.putVal(ILjava/lang/Object;Ljava/lang/Object;ZZ)Ljava/lang/Object; @ 91
Event: 1.949 Thread 0x00000000585df000 Uncommon trap: reason=class_check action=maybe_recompile pc=0x0000000002b91d5c method=java.util.regex.Matcher.match(II)Z @ 86
Event: 1.949 Thread 0x00000000585df000 Uncommon trap: reason=class_check action=maybe_recompile pc=0x0000000002b91d5c method=java.util.regex.Matcher.match(II)Z @ 86
Event: 1.988 Thread 0x00000000585df000 Uncommon trap: reason=class_check action=maybe_recompile pc=0x0000000002d99f64 method=org.gradle.internal.service.DefaultServiceRegistry$SingletonService.getService(Lorg/gradle/internal/service/DefaultServiceRegistry$LookupContext;Lorg/gradle/internal/serv^™ÖAcÍÿ?
Event: 1.988 Thread 0x00000000585df000 Uncommon trap: reason=class_check action=maybe_recompile pc=0x0000000002d99f64 method=org.gradle.internal.service.DefaultServiceRegistry$SingletonService.getService(Lorg/gradle/internal/service/DefaultServiceRegistry$LookupContext;Lorg/gradle/internal/servû¸LuÍÿ?
Event: 1.988 Thread 0x00000000585df000 Uncommon trap: reason=class_check action=maybe_recompile pc=0x0000000002d99f64 method=org.gradle.internal.service.DefaultServiceRegistry$SingletonService.getService(Lorg/gradle/internal/service/DefaultServiceRegistry$LookupContext;Lorg/gradle/internal/servåoŠµ†Íÿ?
Event: 1.988 Thread 0x00000000585df000 Uncommon trap: reason=class_check action=maybe_recompile pc=0x0000000002d99f64 method=org.gradle.internal.service.DefaultServiceRegistry$SingletonService.getService(Lorg/gradle/internal/service/DefaultServiceRegistry$LookupContext;Lorg/gradle/internal/servL…²QŽ
Event: 2.069 Thread 0x00000000585df000 Uncommon trap: reason=unreached action=reinterpret pc=0x0000000002c33c14 method=java.lang.AbstractStringBuilder.append(Ljava/lang/String;)Ljava/lang/AbstractStringBuilder; @ 1
Event: 2.070 Thread 0x00000000585df000 Uncommon trap: reason=unreached action=reinterpret pc=0x0000000002b76140 method=java.lang.AbstractStringBuilder.append(Ljava/lang/String;)Ljava/lang/AbstractStringBuilder; @ 1

Internal exceptions (10 events):
Event: 2.065 Thread 0x00000000585df000 Exception <a 'java/security/PrivilegedActionException'> (0x00000000ec83fc00) thrown at [D:\re\workspace\8-2-build-windows-amd64-cygwin\jdk8u25\1677\hotspot\src\share\vm\prims\jvm.cpp, line 1312]
Event: 2.065 Thread 0x00000000585df000 Exception <a 'java/security/PrivilegedActionException'> (0x00000000ec840bc0) thrown at [D:\re\workspace\8-2-build-windows-amd64-cygwin\jdk8u25\1677\hotspot\src\share\vm\prims\jvm.cpp, line 1312]
Event: 2.066 Thread 0x00000000585df000 Exception <a 'java/security/PrivilegedActionException'> (0x00000000ec845f40) thrown at [D:\re\workspace\8-2-build-windows-amd64-cygwin\jdk8u25\1677\hotspot\src\share\vm\prims\jvm.cpp, line 1312]
Event: 2.066 Thread 0x00000000585df000 Exception <a 'java/security/PrivilegedActionException'> (0x00000000ec846f00) thrown at [D:\re\workspace\8-2-build-windows-amd64-cygwin\jdk8u25\1677\hotspot\src\share\vm\prims\jvm.cpp, line 1312]
Event: 2.069 Thread 0x00000000585df000 Implicit null exception at 0x0000000002c338c6 to 0x0000000002c33bfd
Event: 2.070 Thread 0x00000000585df000 Implicit null exception at 0x0000000002b75dc9 to 0x0000000002b76125
Event: 2.071 Thread 0x00000000585df000 Exception <a 'java/security/PrivilegedActionException'> (0x00000000ec868d28) thrown at [D:\re\workspace\8-2-build-windows-amd64-cygwin\jdk8u25\1677\hotspot\src\share\vm\prims\jvm.cpp, line 1312]
Event: 2.071 Thread 0x00000000585df000 Exception <a 'java/security/PrivilegedActionException'> (0x00000000ec869f00) thrown at [D:\re\workspace\8-2-build-windows-amd64-cygwin\jdk8u25\1677\hotspot\src\share\vm\prims\jvm.cpp, line 1312]
Event: 2.072 Thread 0x00000000585df000 Exception <a 'java/security/PrivilegedActionException'> (0x00000000ec870e40) thrown at [D:\re\workspace\8-2-build-windows-amd64-cygwin\jdk8u25\1677\hotspot\src\share\vm\prims\jvm.cpp, line 1312]
Event: 2.073 Thread 0x00000000585df000 Exception <a 'java/security/PrivilegedActionException'> (0x00000000ec871b00) thrown at [D:\re\workspace\8-2-build-windows-amd64-cygwin\jdk8u25\1677\hotspot\src\share\vm\prims\jvm.cpp, line 1312]

Events (10 events):
Event: 2.070 loading class java/net/URLConnection$1
Event: 2.070 loading class java/net/URLConnection$1 done
Event: 2.071 loading class sun/util/resources/en/CalendarData_en_US
Event: 2.071 loading class sun/util/resources/en/CalendarData_en_US done
Event: 2.071 loading class sun/text/resources/en/FormatData_en_US
Event: 2.071 loading class sun/text/resources/en/FormatData_en_US done
Event: 2.072 loading class sun/util/resources/en/CurrencyNames_en_US
Event: 2.072 loading class sun/util/resources/en/CurrencyNames_en_US done
Event: 2.072 loading class org/apache/commons/io/IOUtils
Event: 2.072 loading class org/apache/commons/io/IOUtils done


Dynamic libraries:
0x000000013f4b0000 - 0x000000013f4e4000 	C:\jdk1.8.0_25\bin\java.exe
0x0000000077500000 - 0x00000000776ab000 	C:\Windows\SYSTEM32\ntdll.dll
0x00000000773e0000 - 0x00000000774ff000 	C:\Windows\system32\kernel32.dll
0x000007fefd7c0000 - 0x000007fefd82b000 	C:\Windows\system32\KERNELBASE.dll
0x000007fefe950000 - 0x000007fefea2b000 	C:\Windows\system32\ADVAPI32.dll
0x000007feff0a0000 - 0x000007feff13f000 	C:\Windows\system32\msvcrt.dll
0x000007feff080000 - 0x000007feff09f000 	C:\Windows\SYSTEM32\sechost.dll
0x000007feff470000 - 0x000007feff59e000 	C:\Windows\system32\RPCRT4.dll
0x00000000772e0000 - 0x00000000773da000 	C:\Windows\system32\USER32.dll
0x000007feff7a0000 - 0x000007feff807000 	C:\Windows\system32\GDI32.dll
0x000007fefe6c0000 - 0x000007fefe6ce000 	C:\Windows\system32\LPK.dll
0x000007feff190000 - 0x000007feff25a000 	C:\Windows\system32\USP10.dll
0x000007fefbdf0000 - 0x000007fefbfe4000 	C:\Windows\WinSxS\amd64_microsoft.windows.common-controls_6595b64144ccf1df_6.0.7600.16385_none_fa645303170382f6\COMCTL32.dll
0x000007feff5a0000 - 0x000007feff611000 	C:\Windows\system32\SHLWAPI.dll
0x000007fefe750000 - 0x000007fefe77e000 	C:\Windows\system32\IMM32.DLL
0x000007feff360000 - 0x000007feff469000 	C:\Windows\system32\MSCTF.dll
0x00000000738c0000 - 0x0000000073992000 	C:\jdk1.8.0_25\jre\bin\msvcr100.dll
0x0000000066690000 - 0x0000000066eea000 	C:\jdk1.8.0_25\jre\bin\server\jvm.dll
0x000007fefa5a0000 - 0x000007fefa5a9000 	C:\Windows\system32\WSOCK32.dll
0x000007feff140000 - 0x000007feff18d000 	C:\Windows\system32\WS2_32.dll
0x000007fefe6b0000 - 0x000007fefe6b8000 	C:\Windows\system32\NSI.dll
0x000007fefa1b0000 - 0x000007fefa1eb000 	C:\Windows\system32\WINMM.dll
0x00000000776c0000 - 0x00000000776c7000 	C:\Windows\system32\PSAPI.DLL
0x0000000073f60000 - 0x0000000073f6f000 	C:\jdk1.8.0_25\jre\bin\verify.dll
0x0000000073f80000 - 0x0000000073fa8000 	C:\jdk1.8.0_25\jre\bin\java.dll
0x0000000073f40000 - 0x0000000073f56000 	C:\jdk1.8.0_25\jre\bin\zip.dll
0x000007fefd880000 - 0x000007fefe606000 	C:\Windows\system32\SHELL32.dll
0x000007fefec90000 - 0x000007fefee91000 	C:\Windows\system32\ole32.dll
0x000007fefd460000 - 0x000007fefd46f000 	C:\Windows\system32\profapi.dll
0x0000000073f20000 - 0x0000000073f3a000 	C:\jdk1.8.0_25\jre\bin\net.dll
0x000007fefcc90000 - 0x000007fefcce4000 	C:\Windows\system32\mswsock.dll
0x000007fefcc80000 - 0x000007fefcc87000 	C:\Windows\System32\wship6.dll
0x0000000073f00000 - 0x0000000073f11000 	C:\jdk1.8.0_25\jre\bin\nio.dll
0x000007fef6f10000 - 0x000007fef6f22000 	C:\Users\sri\.gradle\native\19\windows-amd64\native-platform.dll
0x000007fefccf0000 - 0x000007fefcd07000 	C:\Windows\system32\CRYPTSP.dll
0x000007fefc9f0000 - 0x000007fefca37000 	C:\Windows\system32\rsaenh.dll
0x000007fefc7b0000 - 0x000007fefc7ce000 	C:\Windows\system32\USERENV.dll
0x000007fefd350000 - 0x000007fefd35f000 	C:\Windows\system32\CRYPTBASE.dll
0x000007fefb2e0000 - 0x000007fefb307000 	C:\Windows\system32\IPHLPAPI.DLL
0x000007fefb2d0000 - 0x000007fefb2db000 	C:\Windows\system32\WINNSI.DLL
0x000007fefaff0000 - 0x000007fefb001000 	C:\Windows\system32\dhcpcsvc6.DLL
0x000007fefafd0000 - 0x000007fefafe8000 	C:\Windows\system32\dhcpcsvc.DLL
0x0000000074e70000 - 0x0000000074e7d000 	C:\jdk1.8.0_25\jre\bin\management.dll
0x000007fef11f0000 - 0x000007fef1315000 	C:\Windows\system32\dbghelp.dll

VM Arguments:
jvm_args: -XX:MaxPermSize=256m -XX:+HeapDumpOnOutOfMemoryError -Xmx1024m -Dfile.encoding=windows-1252 -Duser.country=IN -Duser.language=en -Duser.variant 
java_command: org.gradle.launcher.daemon.bootstrap.GradleDaemon 2.14.1
java_class_path (initial): C:\Program Files\Android\Android Studio\gradle\gradle-2.14.1\lib\gradle-launcher-2.14.1.jar
Launcher Type: SUN_STANDARD

Environment Variables:
JAVA_HOME=C:\jdk1.8.0_25
PATH=C:\Windows\system32;C:\Windows;C:\Windows\System32\Wbem;C:\Windows\System32\WindowsPowerShell\v1.0\
USERNAME=sri
OS=Windows_NT
PROCESSOR_IDENTIFIER=Intel64 Family 6 Model 60 Stepping 3, GenuineIntel



---------------  S Y S T E M  ---------------

OS: Windows 7 , 64 bit Build 7600 

CPU:total 4 (2 cores per cpu, 2 threads per core) family 6 model 60 stepping 3, cmov, cx8, fxsr, mmx, sse, sse2, sse3, ssse3, sse4.1, sse4.2, popcnt, aes, clmul, erms, lzcnt, ht, tsc, tscinvbit, bmi1, bmi2

Memory: 4k page, physical 4062232k(1270148k free), swap 8122568k(4862232k free)

vm_info: Java HotSpot(TM) 64-Bit Server VM (25.25-b02) for windows-amd64 JRE (1.8.0_25-b18), built on Oct  7 2014 14:25:37 by "java_re" with MS VC++ 10.0 (VS2010)

time: Sun Sep 11 14:46:02 2016
elapsed time: 2 seconds (0d 0h 0m 2s)

