#
# A fatal error has been detected by the Java Runtime Environment:
#
#  EXCEPTION_ACCESS_VIOLATION (0xc0000005) at pc=0x000000007171ec08, pid=4584, tid=4660
#
# JRE version: Java(TM) SE Runtime Environment (8.0_25-b18) (build 1.8.0_25-b18)
# Java VM: Java HotSpot(TM) 64-Bit Server VM (25.25-b02 mixed mode windows-amd64 compressed oops)
# Problematic frame:
# V  [jvm.dll+0x1ec08]
#
# Failed to write core dump. Minidumps are not enabled by default on client versions of Windows
#
# If you would like to submit a bug report, please visit:
#   http://bugreport.sun.com/bugreport/crash.jsp
#

---------------  T H R E A D  ---------------

Current thread (0x0000000056638800):  JavaThread "C2 CompilerThread1" daemon [_thread_in_vm, id=4660, stack(0x0000000056de0000,0x0000000056ee0000)]

siginfo: ExceptionCode=0xc0000005, reading address 0x00000020147e59f0

Registers:
RAX=0xffffffffffffffff, RBX=0x00000020147e59f0, RCX=0x0000000000000000, RDX=0x0000000000000048
RSP=0x0000000056eddd70, RBP=0x0000000056edde29, RSI=0x0000000000000002, RDI=0x0000000056edf578
R8 =0x0000000056edde01, R9 =0x0000000071700000, R10=0x0000000000000000, R11=0x000000005a191876
R12=0x0000000071cb7fa8, R13=0x000000000000f000, R14=0x0000000000000000, R15=0x000000000000c000
RIP=0x000000007171ec08, EFLAGS=0x0000000000010213

Top of Stack: (sp=0x0000000056eddd70)
0x0000000056eddd70:   0000000056edf520 00000000005cd440
0x0000000056eddd80:   0000000000000000 0000000000000000
0x0000000056eddd90:   0000000200000000 0000000000000000
0x0000000056eddda0:   0000000000000000 000000005b540640
0x0000000056edddb0:   0000000000000000 000000005a191876
0x0000000056edddc0:   000000005a19192e 0000000000000000
0x0000000056edddd0:   0000000003019fc7 0000000000000001
0x0000000056eddde0:   0000000056edddd8 0000000000000000
0x0000000056edddf0:   000000000301b560 0000000003018760
0x0000000056edde00:   000000000301b3e0 000000000301b560
0x0000000056edde10:   000000000301ad5d 000000000301b4c6
0x0000000056edde20:   0000000071cb7fa8 0000000056edddb0
0x0000000056edde30:   0000000000000000 0000000000000000
0x0000000056edde40:   0000000000000000 0000000000000000
0x0000000056edde50:   00000000586e2d30 00000000551b94f0
0x0000000056edde60:   0000000056638800 0000000056edf6c8 

Instructions: (pc=0x000000007171ec08)
0x000000007171ebe8:   f7 e8 a2 29 07 00 48 8b d8 48 85 c0 0f 84 55 ff
0x000000007171ebf8:   ff ff e8 11 3a 0c 00 48 3b d8 0f 84 47 ff ff ff
0x000000007171ec08:   48 8b 13 48 8b cb ff 52 18 84 c0 74 04 48 8b 5b
0x000000007171ec18:   08 48 8b 03 48 8b cb ff 50 10 84 c0 74 0c 48 8b 


Register to memory mapping:

RAX=0xffffffffffffffff is an unknown value
RBX=0x00000020147e59f0 is an unknown value
RCX=0x0000000000000000 is an unknown value
RDX=0x0000000000000048 is an unknown value
RSP=0x0000000056eddd70 is pointing into the stack for thread: 0x0000000056638800
RBP=0x0000000056edde29 is pointing into the stack for thread: 0x0000000056638800
RSI=0x0000000000000002 is an unknown value
RDI=0x0000000056edf578 is pointing into the stack for thread: 0x0000000056638800
R8 =0x0000000056edde01 is pointing into the stack for thread: 0x0000000056638800
R9 =0x0000000071700000 is an unknown value
R10=0x0000000000000000 is an unknown value
R11=0x000000005a191876 is an unknown value
R12=0x0000000071cb7fa8 is an unknown value
R13=0x000000000000f000 is an unknown value
R14=0x0000000000000000 is an unknown value
R15=0x000000000000c000 is an unknown value


Stack: [0x0000000056de0000,0x0000000056ee0000],  sp=0x0000000056eddd70,  free space=1015k
Native frames: (J=compiled Java code, j=interpreted, Vv=VM code, C=native code)
V  [jvm.dll+0x1ec08]
V  [jvm.dll+0x90355]
V  [jvm.dll+0x27dfe]
V  [jvm.dll+0x4539eb]
V  [jvm.dll+0x437372]
V  [jvm.dll+0x98a02]
V  [jvm.dll+0x991f3]
V  [jvm.dll+0x22bde4]
V  [jvm.dll+0x2852fa]
C  [msvcr100.dll+0x21d9f]
C  [msvcr100.dll+0x21e3b]
C  [kernel32.dll+0x1f56d]
C  [ntdll.dll+0x33281]


Current CompileTask:
C2:   4710 2074   !   4       sun.net.www.ParseUtil::decode (316 bytes)


---------------  P R O C E S S  ---------------

Java Threads: ( => current thread )
  0x0000000058ae1800 JavaThread "File lock request listener" [_thread_in_native, id=4756, stack(0x000000005c720000,0x000000005c820000)]
  0x0000000057fb7000 JavaThread "Stdin handler" [_thread_blocked, id=4712, stack(0x0000000059920000,0x0000000059a20000)]
  0x0000000057f71000 JavaThread "Asynchronous log dispatcher for org.gradle.launcher.daemon.server.DefaultDaemonConnection@20dd0ead" [_thread_blocked, id=4708, stack(0x0000000059660000,0x0000000059760000)]
  0x0000000057f6d800 JavaThread "Daemon worker" [_thread_blocked, id=4704, stack(0x0000000059530000,0x0000000059630000)]
  0x0000000058208000 JavaThread "Cancel handler" [_thread_blocked, id=4700, stack(0x00000000593e0000,0x00000000594e0000)]
  0x0000000057f5b800 JavaThread "Handler for socket connection from /127.0.0.1:50323 to /127.0.0.1:50324" [_thread_in_native, id=4696, stack(0x0000000059250000,0x0000000059350000)]
  0x000000005801f800 JavaThread "Daemon" [_thread_blocked, id=4692, stack(0x0000000056430000,0x0000000056530000)]
  0x0000000057f4d800 JavaThread "Incoming local TCP Connector on port 50323" [_thread_in_native, id=4688, stack(0x0000000058f30000,0x0000000059030000)]
  0x0000000058182000 JavaThread "pool-1-thread-1" [_thread_blocked, id=4684, stack(0x0000000058d90000,0x0000000058e90000)]
  0x00000000551bf800 JavaThread "Service Thread" daemon [_thread_blocked, id=4668, stack(0x00000000572b0000,0x00000000573b0000)]
  0x00000000551bd000 JavaThread "C1 CompilerThread2" daemon [_thread_blocked, id=4664, stack(0x0000000057020000,0x0000000057120000)]
=>0x0000000056638800 JavaThread "C2 CompilerThread1" daemon [_thread_in_vm, id=4660, stack(0x0000000056de0000,0x0000000056ee0000)]
  0x0000000056633800 JavaThread "C2 CompilerThread0" daemon [_thread_blocked, id=4656, stack(0x0000000056f10000,0x0000000057010000)]
  0x0000000056632800 JavaThread "Attach Listener" daemon [_thread_blocked, id=4652, stack(0x0000000056ce0000,0x0000000056de0000)]
  0x00000000551b7800 JavaThread "Signal Dispatcher" daemon [_thread_blocked, id=4648, stack(0x0000000056ac0000,0x0000000056bc0000)]
  0x000000005515a800 JavaThread "Finalizer" daemon [_thread_blocked, id=4644, stack(0x0000000056530000,0x0000000056630000)]
  0x0000000055152000 JavaThread "Reference Handler" daemon [_thread_blocked, id=4640, stack(0x0000000056330000,0x0000000056430000)]
  0x00000000005cf000 JavaThread "main" [_thread_blocked, id=4616, stack(0x0000000002440000,0x0000000002540000)]

Other Threads:
  0x000000005514a000 VMThread [stack: 0x0000000056170000,0x0000000056270000] [id=4636]
  0x00000000566a0800 WatcherThread [stack: 0x0000000057160000,0x0000000057260000] [id=4672]

VM state:not at safepoint (normal execution)

VM Mutex/Monitor currently owned by a thread:  ([mutex/lock_event])
[0x00000000005cd440] Compile_lock - owner thread: 0x0000000056638800
[0x00000000005cd540] MethodCompileQueue_lock - owner thread: 0x0000000056638800

Heap:
 PSYoungGen      total 71680K, used 15266K [0x00000000eab00000, 0x00000000f1800000, 0x0000000100000000)
  eden space 62976K, 13% used [0x00000000eab00000,0x00000000eb394f30,0x00000000ee880000)
  from space 8704K, 74% used [0x00000000ee880000,0x00000000eeed3950,0x00000000ef100000)
  to   space 9216K, 0% used [0x00000000f0f00000,0x00000000f0f00000,0x00000000f1800000)
 ParOldGen       total 41472K, used 12176K [0x00000000c0000000, 0x00000000c2880000, 0x00000000eab00000)
  object space 41472K, 29% used [0x00000000c0000000,0x00000000c0be4230,0x00000000c2880000)
 Metaspace       used 26000K, capacity 26356K, committed 26624K, reserved 1073152K
  class space    used 3663K, capacity 3756K, committed 3840K, reserved 1048576K

Card table byte_map: [0x0000000011bd0000,0x0000000011de0000] byte_map_base: 0x00000000115d0000

Marking Bits: (ParMarkBitMap*) 0x0000000071edd490
 Begin Bits: [0x00000000125c0000, 0x00000000135c0000)
 End Bits:   [0x00000000135c0000, 0x00000000145c0000)

Polling page: 0x0000000000140000

CodeCache: size=245760Kb used=8319Kb max_used=8339Kb free=237440Kb
 bounds [0x0000000002810000, 0x0000000003040000, 0x0000000011810000]
 total_blobs=2704 nmethods=2074 adapters=542
 compilation: enabled

Compilation events (10 events):
Event: 4.322 Thread 0x00000000551bd000 2073       3       java.util.concurrent.locks.AbstractQueuedSynchronizer::transferAfterCancelledWait (34 bytes)
Event: 4.323 Thread 0x00000000551bd000 nmethod 2073 0x000000000300c5d0 code [0x000000000300c780, 0x000000000300cdb8]
Event: 4.506 Thread 0x0000000056633800 nmethod 2041 0x0000000003023210 code [0x0000000003023b60, 0x000000000302f280]
Event: 4.513 Thread 0x0000000056638800 2074   !   4       sun.net.www.ParseUtil::decode (316 bytes)
Event: 4.523 Thread 0x0000000056633800 2075   !   4       java.util.zip.InflaterInputStream::read (138 bytes)
Event: 4.540 Thread 0x0000000056633800 nmethod 2075 0x000000000301c590 code [0x000000000301c780, 0x000000000301e680]
Event: 4.548 Thread 0x00000000551bd000 2076       3       java.net.URLClassLoader$1::run (5 bytes)
Event: 4.548 Thread 0x00000000551bd000 nmethod 2076 0x0000000003008550 code [0x00000000030086c0, 0x0000000003008848]
Event: 4.551 Thread 0x00000000551bd000 2077   !   3       java.net.URLClassLoader$1::run (73 bytes)
Event: 4.551 Thread 0x00000000551bd000 nmethod 2077 0x000000000300bb90 code [0x000000000300bd60, 0x000000000300c2d8]

GC Heap History (10 events):
Event: 1.406 GC heap before
{Heap before GC invocations=4 (full 0):
 PSYoungGen      total 18432K, used 18416K [0x00000000eab00000, 0x00000000ecf00000, 0x0000000100000000)
  eden space 15872K, 100% used [0x00000000eab00000,0x00000000eba80000,0x00000000eba80000)
  from space 2560K, 99% used [0x00000000eba80000,0x00000000ebcfc010,0x00000000ebd00000)
  to   space 2560K, 0% used [0x00000000ecc80000,0x00000000ecc80000,0x00000000ecf00000)
 ParOldGen       total 42496K, used 1823K [0x00000000c0000000, 0x00000000c2980000, 0x00000000eab00000)
  object space 42496K, 4% used [0x00000000c0000000,0x00000000c01c7cd0,0x00000000c2980000)
 Metaspace       used 12076K, capacity 12348K, committed 12544K, reserved 1060864K
  class space    used 1661K, capacity 1742K, committed 1792K, reserved 1048576K
Event: 1.412 GC heap after
Heap after GC invocations=4 (full 0):
 PSYoungGen      total 34304K, used 2560K [0x00000000eab00000, 0x00000000ecf00000, 0x0000000100000000)
  eden space 31744K, 0% used [0x00000000eab00000,0x00000000eab00000,0x00000000eca00000)
  from space 2560K, 100% used [0x00000000ecc80000,0x00000000ecf00000,0x00000000ecf00000)
  to   space 2560K, 0% used [0x00000000eca00000,0x00000000eca00000,0x00000000ecc80000)
 ParOldGen       total 42496K, used 3543K [0x00000000c0000000, 0x00000000c2980000, 0x00000000eab00000)
  object space 42496K, 8% used [0x00000000c0000000,0x00000000c0375f30,0x00000000c2980000)
 Metaspace       used 12076K, capacity 12348K, committed 12544K, reserved 1060864K
  class space    used 1661K, capacity 1742K, committed 1792K, reserved 1048576K
}
Event: 2.213 GC heap before
{Heap before GC invocations=5 (full 0):
 PSYoungGen      total 34304K, used 34304K [0x00000000eab00000, 0x00000000ecf00000, 0x0000000100000000)
  eden space 31744K, 100% used [0x00000000eab00000,0x00000000eca00000,0x00000000eca00000)
  from space 2560K, 100% used [0x00000000ecc80000,0x00000000ecf00000,0x00000000ecf00000)
  to   space 2560K, 0% used [0x00000000eca00000,0x00000000eca00000,0x00000000ecc80000)
 ParOldGen       total 42496K, used 3543K [0x00000000c0000000, 0x00000000c2980000, 0x00000000eab00000)
  object space 42496K, 8% used [0x00000000c0000000,0x00000000c0375f30,0x00000000c2980000)
 Metaspace       used 18004K, capacity 18364K, committed 18560K, reserved 1064960K
  class space    used 2458K, capacity 2574K, committed 2688K, reserved 1048576K
Event: 2.225 GC heap after
Heap after GC invocations=5 (full 0):
 PSYoungGen      total 34304K, used 2544K [0x00000000eab00000, 0x00000000ef900000, 0x0000000100000000)
  eden space 31744K, 0% used [0x00000000eab00000,0x00000000eab00000,0x00000000eca00000)
  from space 2560K, 99% used [0x00000000eca00000,0x00000000ecc7c010,0x00000000ecc80000)
  to   space 8192K, 0% used [0x00000000ef100000,0x00000000ef100000,0x00000000ef900000)
 ParOldGen       total 42496K, used 9498K [0x00000000c0000000, 0x00000000c2980000, 0x00000000eab00000)
  object space 42496K, 22% used [0x00000000c0000000,0x00000000c0946ac0,0x00000000c2980000)
 Metaspace       used 18004K, capacity 18364K, committed 18560K, reserved 1064960K
  class space    used 2458K, capacity 2574K, committed 2688K, reserved 1048576K
}
Event: 3.009 GC heap before
{Heap before GC invocations=6 (full 0):
 PSYoungGen      total 34304K, used 32389K [0x00000000eab00000, 0x00000000ef900000, 0x0000000100000000)
  eden space 31744K, 94% used [0x00000000eab00000,0x00000000ec825618,0x00000000eca00000)
  from space 2560K, 99% used [0x00000000eca00000,0x00000000ecc7c010,0x00000000ecc80000)
  to   space 8192K, 0% used [0x00000000ef100000,0x00000000ef100000,0x00000000ef900000)
 ParOldGen       total 42496K, used 9498K [0x00000000c0000000, 0x00000000c2980000, 0x00000000eab00000)
  object space 42496K, 22% used [0x00000000c0000000,0x00000000c0946ac0,0x00000000c2980000)
 Metaspace       used 20950K, capacity 21236K, committed 21296K, reserved 1067008K
  class space    used 2831K, capacity 2933K, committed 2944K, reserved 1048576K
Event: 3.023 GC heap after
Heap after GC invocations=6 (full 0):
 PSYoungGen      total 71168K, used 6193K [0x00000000eab00000, 0x00000000efa00000, 0x0000000100000000)
  eden space 62976K, 0% used [0x00000000eab00000,0x00000000eab00000,0x00000000ee880000)
  from space 8192K, 75% used [0x00000000ef100000,0x00000000ef70c4f8,0x00000000ef900000)
  to   space 8704K, 0% used [0x00000000ee880000,0x00000000ee880000,0x00000000ef100000)
 ParOldGen       total 42496K, used 9498K [0x00000000c0000000, 0x00000000c2980000, 0x00000000eab00000)
  object space 42496K, 22% used [0x00000000c0000000,0x00000000c0946ac0,0x00000000c2980000)
 Metaspace       used 20950K, capacity 21236K, committed 21296K, reserved 1067008K
  class space    used 2831K, capacity 2933K, committed 2944K, reserved 1048576K
}
Event: 3.023 GC heap before
{Heap before GC invocations=7 (full 1):
 PSYoungGen      total 71168K, used 6193K [0x00000000eab00000, 0x00000000efa00000, 0x0000000100000000)
  eden space 62976K, 0% used [0x00000000eab00000,0x00000000eab00000,0x00000000ee880000)
  from space 8192K, 75% used [0x00000000ef100000,0x00000000ef70c4f8,0x00000000ef900000)
  to   space 8704K, 0% used [0x00000000ee880000,0x00000000ee880000,0x00000000ef100000)
 ParOldGen       total 42496K, used 9498K [0x00000000c0000000, 0x00000000c2980000, 0x00000000eab00000)
  object space 42496K, 22% used [0x00000000c0000000,0x00000000c0946ac0,0x00000000c2980000)
 Metaspace       used 20950K, capacity 21236K, committed 21296K, reserved 1067008K
  class space    used 2831K, capacity 2933K, committed 2944K, reserved 1048576K
Event: 3.067 GC heap after
Heap after GC invocations=7 (full 1):
 PSYoungGen      total 71168K, used 0K [0x00000000eab00000, 0x00000000efa00000, 0x0000000100000000)
  eden space 62976K, 0% used [0x00000000eab00000,0x00000000eab00000,0x00000000ee880000)
  from space 8192K, 0% used [0x00000000ef100000,0x00000000ef100000,0x00000000ef900000)
  to   space 8704K, 0% used [0x00000000ee880000,0x00000000ee880000,0x00000000ef100000)
 ParOldGen       total 41472K, used 12168K [0x00000000c0000000, 0x00000000c2880000, 0x00000000eab00000)
  object space 41472K, 29% used [0x00000000c0000000,0x00000000c0be2230,0x00000000c2880000)
 Metaspace       used 20948K, capacity 21234K, committed 21296K, reserved 1067008K
  class space    used 2830K, capacity 2932K, committed 2944K, reserved 1048576K
}
Event: 4.226 GC heap before
{Heap before GC invocations=8 (full 1):
 PSYoungGen      total 71168K, used 62976K [0x00000000eab00000, 0x00000000efa00000, 0x0000000100000000)
  eden space 62976K, 100% used [0x00000000eab00000,0x00000000ee880000,0x00000000ee880000)
  from space 8192K, 0% used [0x00000000ef100000,0x00000000ef100000,0x00000000ef900000)
  to   space 8704K, 0% used [0x00000000ee880000,0x00000000ee880000,0x00000000ef100000)
 ParOldGen       total 41472K, used 12168K [0x00000000c0000000, 0x00000000c2880000, 0x00000000eab00000)
  object space 41472K, 29% used [0x00000000c0000000,0x00000000c0be2230,0x00000000c2880000)
 Metaspace       used 25297K, capacity 25652K, committed 25984K, reserved 1071104K
  class space    used 3559K, capacity 3628K, committed 3712K, reserved 1048576K
Event: 4.234 GC heap after
Heap after GC invocations=8 (full 1):
 PSYoungGen      total 71680K, used 6478K [0x00000000eab00000, 0x00000000f1800000, 0x0000000100000000)
  eden space 62976K, 0% used [0x00000000eab00000,0x00000000eab00000,0x00000000ee880000)
  from space 8704K, 74% used [0x00000000ee880000,0x00000000eeed3950,0x00000000ef100000)
  to   space 9216K, 0% used [0x00000000f0f00000,0x00000000f0f00000,0x00000000f1800000)
 ParOldGen       total 41472K, used 12176K [0x00000000c0000000, 0x00000000c2880000, 0x00000000eab00000)
  object space 41472K, 29% used [0x00000000c0000000,0x00000000c0be4230,0x00000000c2880000)
 Metaspace       used 25297K, capacity 25652K, committed 25984K, reserved 1071104K
  class space    used 3559K, capacity 3628K, committed 3712K, reserved 1048576K
}

Deoptimization events (10 events):
Event: 2.889 Thread 0x0000000057f6d800 Uncommon trap: reason=unreached action=reinterpret pc=0x0000000002c1c2ac method=java.util.HashMap.putVal(ILjava/lang/Object;Ljava/lang/Object;ZZ)Ljava/lang/Object; @ 85
Event: 2.919 Thread 0x0000000057f6d800 Uncommon trap: reason=class_check action=maybe_recompile pc=0x0000000002c82830 method=java.lang.reflect.Method.equals(Ljava/lang/Object;)Z @ 5
Event: 2.922 Thread 0x0000000057f6d800 Uncommon trap: reason=class_check action=maybe_recompile pc=0x0000000002c82830 method=java.lang.reflect.Method.equals(Ljava/lang/Object;)Z @ 5
Event: 3.115 Thread 0x0000000057f6d800 Uncommon trap: reason=class_check action=maybe_recompile pc=0x0000000002c82830 method=java.lang.reflect.Method.equals(Ljava/lang/Object;)Z @ 5
Event: 3.115 Thread 0x0000000057f6d800 Uncommon trap: reason=class_check action=maybe_recompile pc=0x0000000002c82830 method=java.lang.reflect.Method.equals(Ljava/lang/Object;)Z @ 5
Event: 3.128 Thread 0x0000000057f6d800 Uncommon trap: reason=null_check action=make_not_entrant pc=0x0000000002eca9b4 method=org.codehaus.groovy.reflection.ClassInfo.getLocalClassInfoMap()Lorg/codehaus/groovy/reflection/ClassInfo$LocalMap; @ 6
Event: 3.134 Thread 0x0000000057f6d800 Uncommon trap: reason=unreached action=reinterpret pc=0x0000000002c4a40c method=java.lang.ref.ReferenceQueue.poll()Ljava/lang/ref/Reference; @ 4
Event: 4.297 Thread 0x0000000057f6d800 Uncommon trap: reason=unreached action=reinterpret pc=0x0000000002ca6510 method=java.lang.AbstractStringBuilder.append(Ljava/lang/String;)Ljava/lang/AbstractStringBuilder; @ 1
Event: 4.522 Thread 0x0000000057f6d800 Uncommon trap: reason=unreached action=reinterpret pc=0x0000000002f6a304 method=java.net.URLClassLoader.isSealed(Ljava/lang/String;Ljava/util/jar/Manifest;)Z @ 26
Event: 4.522 Thread 0x0000000057f6d800 Uncommon trap: reason=unreached action=reinterpret pc=0x0000000002f9f3f4 method=java.net.URLClassLoader.isSealed(Ljava/lang/String;Ljava/util/jar/Manifest;)Z @ 26

Internal exceptions (10 events):
Event: 4.577 Thread 0x0000000057f6d800 Exception <a 'java/security/PrivilegedActionException'> (0x00000000eb2bd390) thrown at [D:\re\workspace\8-2-build-windows-amd64-cygwin\jdk8u25\1677\hotspot\src\share\vm\prims\jvm.cpp, line 1312]
Event: 4.577 Thread 0x0000000057f6d800 Exception <a 'java/security/PrivilegedActionException'> (0x00000000eb2d3610) thrown at [D:\re\workspace\8-2-build-windows-amd64-cygwin\jdk8u25\1677\hotspot\src\share\vm\prims\jvm.cpp, line 1312]
Event: 4.577 Thread 0x0000000057f6d800 Exception <a 'java/security/PrivilegedActionException'> (0x00000000eb2d4a40) thrown at [D:\re\workspace\8-2-build-windows-amd64-cygwin\jdk8u25\1677\hotspot\src\share\vm\prims\jvm.cpp, line 1312]
Event: 4.577 Thread 0x0000000057f6d800 Exception <a 'java/security/PrivilegedActionException'> (0x00000000eb2da588) thrown at [D:\re\workspace\8-2-build-windows-amd64-cygwin\jdk8u25\1677\hotspot\src\share\vm\prims\jvm.cpp, line 1312]
Event: 4.578 Thread 0x0000000057f6d800 Exception <a 'java/security/PrivilegedActionException'> (0x00000000eb2e84b8) thrown at [D:\re\workspace\8-2-build-windows-amd64-cygwin\jdk8u25\1677\hotspot\src\share\vm\prims\jvm.cpp, line 1312]
Event: 4.578 Thread 0x0000000057f6d800 Exception <a 'java/security/PrivilegedActionException'> (0x00000000eb2e98d0) thrown at [D:\re\workspace\8-2-build-windows-amd64-cygwin\jdk8u25\1677\hotspot\src\share\vm\prims\jvm.cpp, line 1312]
Event: 4.578 Thread 0x0000000057f6d800 Exception <a 'java/security/PrivilegedActionException'> (0x00000000eb2ef288) thrown at [D:\re\workspace\8-2-build-windows-amd64-cygwin\jdk8u25\1677\hotspot\src\share\vm\prims\jvm.cpp, line 1312]
Event: 4.578 Thread 0x0000000057f6d800 Exception <a 'java/security/PrivilegedActionException'> (0x00000000eb2fa438) thrown at [D:\re\workspace\8-2-build-windows-amd64-cygwin\jdk8u25\1677\hotspot\src\share\vm\prims\jvm.cpp, line 1312]
Event: 4.578 Thread 0x0000000057f6d800 Exception <a 'java/security/PrivilegedActionException'> (0x00000000eb2fbb58) thrown at [D:\re\workspace\8-2-build-windows-amd64-cygwin\jdk8u25\1677\hotspot\src\share\vm\prims\jvm.cpp, line 1312]
Event: 4.578 Thread 0x0000000057f6d800 Exception <a 'java/security/PrivilegedActionException'> (0x00000000eb3016a0) thrown at [D:\re\workspace\8-2-build-windows-amd64-cygwin\jdk8u25\1677\hotspot\src\share\vm\prims\jvm.cpp, line 1312]

Events (10 events):
Event: 4.576 loading class org/apache/xerces/impl/dtd/XMLDTDValidatorFilter
Event: 4.576 loading class org/apache/xerces/impl/dtd/XMLDTDValidatorFilter done
Event: 4.577 loading class org/apache/xerces/impl/XMLDocumentFragmentScannerImpl
Event: 4.577 loading class org/apache/xerces/impl/XMLDocumentFragmentScannerImpl done
Event: 4.577 loading class org/apache/xerces/impl/XML11NSDocumentScannerImpl
Event: 4.577 loading class org/apache/xerces/impl/XML11NSDocumentScannerImpl done
Event: 4.578 loading class org/apache/xerces/impl/XML11DocumentScannerImpl
Event: 4.578 loading class org/apache/xerces/impl/XML11DocumentScannerImpl done
Event: 4.578 loading class org/apache/xerces/impl/XMLDocumentScannerImpl
Event: 4.578 loading class org/apache/xerces/impl/XMLDocumentScannerImpl done


Dynamic libraries:
0x000000013f7b0000 - 0x000000013f7e4000 	C:\jdk1.8.0_25\bin\java.exe
0x0000000077500000 - 0x00000000776ab000 	C:\Windows\SYSTEM32\ntdll.dll
0x00000000773e0000 - 0x00000000774ff000 	C:\Windows\system32\kernel32.dll
0x000007fefd7c0000 - 0x000007fefd82b000 	C:\Windows\system32\KERNELBASE.dll
0x000007fefe950000 - 0x000007fefea2b000 	C:\Windows\system32\ADVAPI32.dll
0x000007feff0a0000 - 0x000007feff13f000 	C:\Windows\system32\msvcrt.dll
0x000007feff080000 - 0x000007feff09f000 	C:\Windows\SYSTEM32\sechost.dll
0x000007feff470000 - 0x000007feff59e000 	C:\Windows\system32\RPCRT4.dll
0x00000000772e0000 - 0x00000000773da000 	C:\Windows\system32\USER32.dll
0x000007feff7a0000 - 0x000007feff807000 	C:\Windows\system32\GDI32.dll
0x000007fefe6c0000 - 0x000007fefe6ce000 	C:\Windows\system32\LPK.dll
0x000007feff190000 - 0x000007feff25a000 	C:\Windows\system32\USP10.dll
0x000007fefbdf0000 - 0x000007fefbfe4000 	C:\Windows\WinSxS\amd64_microsoft.windows.common-controls_6595b64144ccf1df_6.0.7600.16385_none_fa645303170382f6\COMCTL32.dll
0x000007feff5a0000 - 0x000007feff611000 	C:\Windows\system32\SHLWAPI.dll
0x000007fefe750000 - 0x000007fefe77e000 	C:\Windows\system32\IMM32.DLL
0x000007feff360000 - 0x000007feff469000 	C:\Windows\system32\MSCTF.dll
0x0000000073ed0000 - 0x0000000073fa2000 	C:\jdk1.8.0_25\jre\bin\msvcr100.dll
0x0000000071700000 - 0x0000000071f5a000 	C:\jdk1.8.0_25\jre\bin\server\jvm.dll
0x000007fefa5a0000 - 0x000007fefa5a9000 	C:\Windows\system32\WSOCK32.dll
0x000007feff140000 - 0x000007feff18d000 	C:\Windows\system32\WS2_32.dll
0x000007fefe6b0000 - 0x000007fefe6b8000 	C:\Windows\system32\NSI.dll
0x000007fefa1b0000 - 0x000007fefa1eb000 	C:\Windows\system32\WINMM.dll
0x00000000776c0000 - 0x00000000776c7000 	C:\Windows\system32\PSAPI.DLL
0x0000000074e70000 - 0x0000000074e7f000 	C:\jdk1.8.0_25\jre\bin\verify.dll
0x0000000073ea0000 - 0x0000000073ec8000 	C:\jdk1.8.0_25\jre\bin\java.dll
0x0000000073e80000 - 0x0000000073e96000 	C:\jdk1.8.0_25\jre\bin\zip.dll
0x000007fefd880000 - 0x000007fefe606000 	C:\Windows\system32\SHELL32.dll
0x000007fefec90000 - 0x000007fefee91000 	C:\Windows\system32\ole32.dll
0x000007fefd460000 - 0x000007fefd46f000 	C:\Windows\system32\profapi.dll
0x0000000073e60000 - 0x0000000073e7a000 	C:\jdk1.8.0_25\jre\bin\net.dll
0x000007fefcc90000 - 0x000007fefcce4000 	C:\Windows\system32\mswsock.dll
0x000007fefcc80000 - 0x000007fefcc87000 	C:\Windows\System32\wship6.dll
0x0000000073e40000 - 0x0000000073e51000 	C:\jdk1.8.0_25\jre\bin\nio.dll
0x000007fef5ae0000 - 0x000007fef5af2000 	C:\Users\sri\.gradle\native\19\windows-amd64\native-platform.dll
0x000007fefccf0000 - 0x000007fefcd07000 	C:\Windows\system32\CRYPTSP.dll
0x000007fefc9f0000 - 0x000007fefca37000 	C:\Windows\system32\rsaenh.dll
0x000007fefc7b0000 - 0x000007fefc7ce000 	C:\Windows\system32\USERENV.dll
0x000007fefd350000 - 0x000007fefd35f000 	C:\Windows\system32\CRYPTBASE.dll
0x000007fefb2e0000 - 0x000007fefb307000 	C:\Windows\system32\IPHLPAPI.DLL
0x000007fefb2d0000 - 0x000007fefb2db000 	C:\Windows\system32\WINNSI.DLL
0x000007fefaff0000 - 0x000007fefb001000 	C:\Windows\system32\dhcpcsvc6.DLL
0x000007fefafd0000 - 0x000007fefafe8000 	C:\Windows\system32\dhcpcsvc.DLL
0x0000000073e30000 - 0x0000000073e3d000 	C:\jdk1.8.0_25\jre\bin\management.dll
0x000007fefd2f0000 - 0x000007fefd347000 	C:\Windows\system32\apphelp.dll
0x000007fef11f0000 - 0x000007fef1315000 	C:\Windows\system32\dbghelp.dll

VM Arguments:
jvm_args: -XX:MaxPermSize=256m -XX:+HeapDumpOnOutOfMemoryError -Xmx1024m -Dfile.encoding=windows-1252 -Duser.country=IN -Duser.language=en -Duser.variant 
java_command: org.gradle.launcher.daemon.bootstrap.GradleDaemon 2.14.1
java_class_path (initial): C:\Program Files\Android\Android Studio\gradle\gradle-2.14.1\lib\gradle-launcher-2.14.1.jar
Launcher Type: SUN_STANDARD

Environment Variables:
JAVA_HOME=C:\jdk1.8.0_25
PATH=C:\Windows\system32;C:\Windows;C:\Windows\System32\Wbem;C:\Windows\System32\WindowsPowerShell\v1.0\
USERNAME=sri
OS=Windows_NT
PROCESSOR_IDENTIFIER=Intel64 Family 6 Model 60 Stepping 3, GenuineIntel



---------------  S Y S T E M  ---------------

OS: Windows 7 , 64 bit Build 7600 

CPU:total 4 (2 cores per cpu, 2 threads per core) family 6 model 60 stepping 3, cmov, cx8, fxsr, mmx, sse, sse2, sse3, ssse3, sse4.1, sse4.2, popcnt, aes, clmul, erms, lzcnt, ht, tsc, tscinvbit, bmi1, bmi2

Memory: 4k page, physical 4062232k(1068796k free), swap 8122568k(4706092k free)

vm_info: Java HotSpot(TM) 64-Bit Server VM (25.25-b02) for windows-amd64 JRE (1.8.0_25-b18), built on Oct  7 2014 14:25:37 by "java_re" with MS VC++ 10.0 (VS2010)

time: Sun Sep 11 14:40:42 2016
elapsed time: 4 seconds (0d 0h 0m 4s)

